<?xml version="1.0" encoding="UTF-8"?>
<!-- Generated by org.testng.reporters.JUnitReportReporter -->
<testsuite hostname="CGGDESKFF08" name="MavenPac.Sample" tests="1" failures="0" timestamp="22 Feb 2019 10:38:37 GMT" time="24.036" errors="0">
  <testcase name="mavenProject" time="24.036" classname="MavenPac.Sample"/>
</testsuite> <!-- MavenPac.Sample -->
